2026-04-15 13:12:52 ERROR - method=GET, uri=/h2-console, status=302, durationMs=0
2026-04-15 13:13:57 ERROR - method=GET, uri=/h2-console/stylesheet.css, status=304, durationMs=1
2026-04-15 13:13:57 ERROR - method=GET, uri=/h2-console/background.gif, status=304, durationMs=0
2026-04-15 13:20:34 ERROR - method=GET, uri=/h2-console/stylesheet.css, status=304, durationMs=1
2026-04-15 13:21:10 ERROR - method=GET, uri=/h2-console/stylesheet.css, status=304, durationMs=0
2026-04-15 13:21:13 ERROR - method=GET, uri=/h2-console/icon_disconnect.gif, status=304, durationMs=0
2026-04-15 13:21:13 ERROR - method=GET, uri=/h2-console/icon_run.gif, status=304, durationMs=1
2026-04-15 13:21:13 ERROR - method=GET, uri=/h2-console/icon_line.gif, status=304, durationMs=1
2026-04-15 13:21:13 ERROR - method=GET, uri=/h2-console/icon_refresh.gif, status=304, durationMs=0
2026-04-15 13:21:13 ERROR - method=GET, uri=/h2-console/icon_commit.gif, status=304, durationMs=1
2026-04-15 13:21:13 ERROR - method=GET, uri=/h2-console/icon_rollback.gif, status=304, durationMs=1
2026-04-15 13:21:13 ERROR - method=GET, uri=/h2-console/icon_run_selected.gif, status=304, durationMs=0
2026-04-15 13:21:13 ERROR - method=GET, uri=/h2-console/icon_stop.gif, status=304, durationMs=1
2026-04-15 13:21:13 ERROR - method=GET, uri=/h2-console/icon_help.gif, status=304, durationMs=0
2026-04-15 13:21:13 ERROR - method=GET, uri=/h2-console/icon_history.gif, status=304, durationMs=0
2026-04-15 13:21:13 ERROR - method=GET, uri=/h2-console/tree.js, status=304, durationMs=0
2026-04-15 13:21:13 ERROR - method=GET, uri=/h2-console/tree_empty.gif, status=304, durationMs=0
2026-04-15 13:21:13 ERROR - method=GET, uri=/h2-console/tree_database.gif, status=304, durationMs=0
2026-04-15 13:21:13 ERROR - method=GET, uri=/h2-console/tree_column.gif, status=304, durationMs=0
2026-04-15 13:21:13 ERROR - method=GET, uri=/h2-console/tree_minus.gif, status=304, durationMs=0
2026-04-15 13:21:13 ERROR - method=GET, uri=/h2-console/tree_table.gif, status=304, durationMs=1
2026-04-15 13:21:13 ERROR - method=GET, uri=/h2-console/tree_plus.gif, status=304, durationMs=1
2026-04-15 13:21:13 ERROR - method=GET, uri=/h2-console/tree_folder.gif, status=304, durationMs=0
2026-04-15 13:21:13 ERROR - method=GET, uri=/h2-console/tree_info.gif, status=304, durationMs=0
2026-04-15 13:21:13 ERROR - method=GET, uri=/h2-console/tree_index.gif, status=304, durationMs=0
2026-04-15 13:21:13 ERROR - method=GET, uri=/h2-console/tree_type.gif, status=304, durationMs=1
2026-04-15 13:21:13 ERROR - method=GET, uri=/h2-console/tree_users.gif, status=304, durationMs=3
2026-04-15 13:21:13 ERROR - method=GET, uri=/h2-console/tree_user.gif, status=304, durationMs=0
2026-04-15 13:21:13 ERROR - method=GET, uri=/h2-console/tree_index_az.gif, status=304, durationMs=1
2026-04-15 13:21:13 ERROR - method=GET, uri=/h2-console/tree_view.gif, status=304, durationMs=0
2026-04-15 13:21:22 ERROR - method=GET, uri=/h2-console/stylesheet.css, status=304, durationMs=0
2026-04-15 13:31:24 ERROR - method=GET, uri=/accounts/1001, status=404, durationMs=23
2026-04-15 13:31:47 ERROR - method=POST, uri=/accounts/transfer, status=404, durationMs=59
2026-04-15 13:34:14 ERROR - method=GET, uri=/accounts/%7B%7BaccountId%7D%7D/transactions, status=500, durationMs=5
2026-04-15 13:34:47 ERROR - method=GET, uri=/accounts/1000/transactions, status=500, durationMs=3
2026-04-15 13:36:07 ERROR - method=POST, uri=/customers/1/accounts, status=500, durationMs=10
2026-04-15 13:36:52 ERROR - method=POST, uri=/accounts/transfer, status=404, durationMs=34
2026-04-15 13:39:46 ERROR - method=POST, uri=/accounts/transfer, status=404, durationMs=5
2026-04-15 13:40:10 ERROR - method=POST, uri=/accounts/transfer, status=404, durationMs=0
2026-04-15 13:41:03 ERROR - method=GET, uri=/h2-console/table.js, status=304, durationMs=0
2026-04-15 13:41:03 ERROR - method=GET, uri=/h2-console/stylesheet.css, status=304, durationMs=0
2026-04-15 13:45:39 ERROR - method=GET, uri=/h2-console/stylesheet.css, status=304, durationMs=1
2026-04-15 13:45:39 ERROR - method=GET, uri=/h2-console/table.js, status=304, durationMs=0
2026-04-15 13:52:49 ERROR - method=POST, uri=/accounts/1000/deposit, status=404, durationMs=6
2026-04-15 13:53:01 ERROR - method=POST, uri=/accounts/1002/deposit, status=404, durationMs=4
2026-04-15 14:00:41 ERROR - method=GET, uri=/h2-console/stylesheet.css, status=304, durationMs=0
2026-04-15 14:00:41 ERROR - method=GET, uri=/h2-console/table.js, status=304, durationMs=0
2026-04-15 14:04:11 ERROR - method=POST, uri=/accounts/transfer, status=404, durationMs=5
2026-04-15 14:05:42 ERROR - method=POST, uri=/accounts/transfer, status=404, durationMs=3
2026-04-15 14:08:17 ERROR - method=GET, uri=/accounts/%7B%7BaccountId%7D%7D/transactions, status=500, durationMs=0
2026-04-15 14:08:26 ERROR - method=GET, uri=/accounts/1002/transactions, status=500, durationMs=3
2026-04-15 14:08:42 ERROR - method=GET, uri=/accounts/1001/transactions, status=500, durationMs=21
2026-04-15 14:09:10 ERROR - method=GET, uri=/accounts/1001/transactions, status=500, durationMs=0
2026-04-15 14:14:00 ERROR - method=GET, uri=/accounts/1001/transactions?startDate=2026-04-01&endDate=2026-04-15, status=500, durationMs=4
2026-04-15 14:14:22 ERROR - method=GET, uri=/accounts/1002/transactions?startDate=2026-04-01&endDate=2026-04-15, status=500, durationMs=3
2026-04-15 15:11:03 ERROR - method=POST, uri=/accounts/1001/standing-orders, status=422, durationMs=85
2026-04-15 15:12:42 ERROR - method=POST, uri=/accounts/1001/standing-orders, status=422, durationMs=5
2026-04-15 15:24:33 ERROR - method=DELETE, uri=/accounts/standing-orders/1a227ed1-b053-4518-abb0-c7d22d55b3e8, status=500, durationMs=10
2026-04-15 15:26:17 ERROR - method=DELETE, uri=/accounts/standing-orders/1a227ed1-b053-4518-abb0-c7d22d55b3e8, status=500, durationMs=3
2026-04-15 15:38:01 ERROR - method=GET, uri=/accounts/1002/statements/2026-04, status=500, durationMs=176
2026-04-15 15:55:54 ERROR - method=GET, uri=/accounts, status=500, durationMs=22
2026-04-15 15:58:25 ERROR - method=POST, uri=/api/auth/register, status=422, durationMs=19
2026-04-15 16:00:33 ERROR - method=GET, uri=/api/customers, status=403, durationMs=8
2026-04-15 16:00:50 ERROR - method=PATCH, uri=/api/customers/2, status=403, durationMs=12
2026-04-15 16:04:46 ERROR - method=GET, uri=/h2-console/stylesheet.css, status=304, durationMs=1
2026-04-15 16:04:46 ERROR - method=GET, uri=/h2-console/table.js, status=304, durationMs=0
2026-04-15 16:05:25 ERROR - method=GET, uri=/h2-console/stylesheet.css, status=304, durationMs=0
2026-04-15 16:05:25 ERROR - method=GET, uri=/h2-console/table.js, status=304, durationMs=0
2026-04-15 16:05:36 ERROR - method=GET, uri=/h2-console/stylesheet.css, status=304, durationMs=0
2026-04-15 16:05:36 ERROR - method=GET, uri=/h2-console/table.js, status=304, durationMs=0
2026-04-15 16:06:03 ERROR - method=GET, uri=/h2-console/table.js, status=304, durationMs=0
2026-04-15 16:06:03 ERROR - method=GET, uri=/h2-console/stylesheet.css, status=304, durationMs=0
2026-04-15 16:06:50 ERROR - method=GET, uri=/accounts/1001, status=401, durationMs=5
2026-04-15 16:07:19 ERROR - method=PATCH, uri=/api/customers/1, status=403, durationMs=3
2026-04-15 16:07:56 ERROR - method=GET, uri=/accounts/1001/transactions?startDate=2026-04-01&endDate=2026-04-15, status=500, durationMs=16
2026-04-15 16:08:11 ERROR - method=GET, uri=/accounts/1003/transactions?startDate=2026-04-01&endDate=2026-04-15, status=500, durationMs=6
2026-04-15 16:08:15 ERROR - method=GET, uri=/accounts/1001/transactions?startDate=2026-04-01&endDate=2026-04-15, status=500, durationMs=17
2026-04-15 16:09:43 ERROR - method=GET, uri=/accounts/1001/standing-orders, status=500, durationMs=13
2026-04-15 16:10:36 ERROR - method=POST, uri=/accounts/1001/standing-orders, status=500, durationMs=16
2026-04-15 16:10:53 ERROR - method=GET, uri=/accounts/1001/statements/2026-04, status=500, durationMs=0
2026-04-15 16:11:26 ERROR - method=GET, uri=/accounts/1000/insights?year=2026&month=4, status=500, durationMs=14
2026-04-15 16:37:44 ERROR - method=GET, uri=/accounts/1001/transactions?startDate=2026-04-01&endDate=2026-04-15, status=500, durationMs=3
